d:\projects\project64-ap\source\rsp\rsp.dir\debug\vc143.pdb
d:\projects\project64-ap\source\rsp\rsp.dir\debug\memory.obj
d:\projects\project64-ap\source\rsp\rsp.dir\debug\dma.obj
d:\projects\project64-ap\source\rsp\rsp.dir\debug\breakpoint.obj
d:\projects\project64-ap\source\rsp\rsp.dir\debug\x86.obj
d:\projects\project64-ap\source\rsp\rsp.dir\debug\sse.obj
d:\projects\project64-ap\source\rsp\rsp.dir\debug\recompiler sections.obj
d:\projects\project64-ap\source\rsp\rsp.dir\debug\recompiler ops.obj
d:\projects\project64-ap\source\rsp\rsp.dir\debug\recompiler cpu.obj
d:\projects\project64-ap\source\rsp\rsp.dir\debug\recompiler analysis.obj
d:\projects\project64-ap\source\rsp\rsp.dir\debug\rsp register.obj
d:\projects\project64-ap\source\rsp\rsp.dir\debug\rsp command.obj
d:\projects\project64-ap\source\rsp\rsp.dir\debug\mmx.obj
d:\projects\project64-ap\source\rsp\rsp.dir\debug\interpreter ops.obj
d:\projects\project64-ap\source\rsp\rsp.dir\debug\interpreter cpu.obj
d:\projects\project64-ap\source\rsp\rsp.dir\debug\cpu.obj
d:\projects\project64-ap\source\rsp\rsp.dir\debug\log.obj
d:\projects\project64-ap\source\rsp\rsp.dir\debug\profiling.obj
d:\projects\project64-ap\source\rsp\rsp.dir\debug\main.obj
d:\projects\project64-ap\source\rsp\cmakefiles\generate.stamp
d:\projects\project64-ap\source\rsp\rsp.dir\debug\rsp 1.7.ilk
d:\projects\project64-ap\source\rsp\debug\rsp 1.7.dll
d:\projects\project64-ap\source\rsp\debug\rsp 1.7.pdb
d:\projects\project64-ap\source\rsp\debug\rsp 1.7.lib
d:\projects\project64-ap\source\rsp\debug\rsp 1.7.exp
d:\projects\project64-ap\source\rsp\rsp.dir\debug\rsp.tlog\cl.command.1.tlog
d:\projects\project64-ap\source\rsp\rsp.dir\debug\rsp.tlog\cl.items.tlog
d:\projects\project64-ap\source\rsp\rsp.dir\debug\rsp.tlog\cl.read.1.tlog
d:\projects\project64-ap\source\rsp\rsp.dir\debug\rsp.tlog\cl.write.1.tlog
d:\projects\project64-ap\source\rsp\rsp.dir\debug\rsp.tlog\custombuild.command.1.tlog
d:\projects\project64-ap\source\rsp\rsp.dir\debug\rsp.tlog\custombuild.read.1.tlog
d:\projects\project64-ap\source\rsp\rsp.dir\debug\rsp.tlog\custombuild.write.1.tlog
d:\projects\project64-ap\source\rsp\rsp.dir\debug\rsp.tlog\link.command.1.tlog
d:\projects\project64-ap\source\rsp\rsp.dir\debug\rsp.tlog\link.read.1.tlog
d:\projects\project64-ap\source\rsp\rsp.dir\debug\rsp.tlog\link.write.1.tlog
d:\projects\project64-ap\source\rsp\rsp.dir\debug\rsp.tlog\link.write.2u.tlog
