d:\projects\project64-ap\source\project64-audio\project64-audio.dir\debug\vc143.pdb
d:\projects\project64-ap\source\project64-audio\project64-audio.dir\debug\trace.obj
d:\projects\project64-ap\source\project64-audio\project64-audio.dir\debug\soundbase.obj
d:\projects\project64-ap\source\project64-audio\project64-audio.dir\debug\opensles.obj
d:\projects\project64-ap\source\project64-audio\project64-audio.dir\debug\directsound.obj
d:\projects\project64-ap\source\project64-audio\project64-audio.dir\debug\configui.obj
d:\projects\project64-ap\source\project64-audio\project64-audio.dir\debug\audiosettings.obj
d:\projects\project64-ap\source\project64-audio\project64-audio.dir\debug\audiomain.obj
d:\projects\project64-ap\source\project64-audio\cmakefiles\generate.stamp
d:\projects\project64-ap\source\project64-audio\project64-audio.dir\debug\project64-audio.ilk
d:\projects\project64-ap\source\project64-audio\debug\project64-audio.dll
d:\projects\project64-ap\source\project64-audio\debug\project64-audio.pdb
d:\projects\project64-ap\source\project64-audio\debug\project64-audio.lib
d:\projects\project64-ap\source\project64-audio\debug\project64-audio.exp
d:\projects\project64-ap\source\project64-audio\project64-audio.dir\debug\project64-audio.res
d:\projects\project64-ap\source\project64-audio\project64-audio.dir\debug\project64-audio.tlog\cl.command.1.tlog
d:\projects\project64-ap\source\project64-audio\project64-audio.dir\debug\project64-audio.tlog\cl.items.tlog
d:\projects\project64-ap\source\project64-audio\project64-audio.dir\debug\project64-audio.tlog\cl.read.1.tlog
d:\projects\project64-ap\source\project64-audio\project64-audio.dir\debug\project64-audio.tlog\cl.write.1.tlog
d:\projects\project64-ap\source\project64-audio\project64-audio.dir\debug\project64-audio.tlog\custombuild.command.1.tlog
d:\projects\project64-ap\source\project64-audio\project64-audio.dir\debug\project64-audio.tlog\custombuild.read.1.tlog
d:\projects\project64-ap\source\project64-audio\project64-audio.dir\debug\project64-audio.tlog\custombuild.write.1.tlog
d:\projects\project64-ap\source\project64-audio\project64-audio.dir\debug\project64-audio.tlog\link.command.1.tlog
d:\projects\project64-ap\source\project64-audio\project64-audio.dir\debug\project64-audio.tlog\link.read.1.tlog
d:\projects\project64-ap\source\project64-audio\project64-audio.dir\debug\project64-audio.tlog\link.write.1.tlog
d:\projects\project64-ap\source\project64-audio\project64-audio.dir\debug\project64-audio.tlog\link.write.2u.tlog
d:\projects\project64-ap\source\project64-audio\project64-audio.dir\debug\project64-audio.tlog\rc.command.1.tlog
d:\projects\project64-ap\source\project64-audio\project64-audio.dir\debug\project64-audio.tlog\rc.read.1.tlog
d:\projects\project64-ap\source\project64-audio\project64-audio.dir\debug\project64-audio.tlog\rc.write.1.tlog
