d:\projects\project64-ap\source\nragev20\nrage-v2.dir\debug\vc143.pdb
d:\projects\project64-ap\source\nragev20\nrage-v2.dir\debug\xinputcontroller.obj
d:\projects\project64-ap\source\nragev20\nrage-v2.dir\debug\pakio.obj
d:\projects\project64-ap\source\nragev20\nrage-v2.dir\debug\nragepluginv2.obj
d:\projects\project64-ap\source\nragev20\nrage-v2.dir\debug\international.obj
d:\projects\project64-ap\source\nragev20\nrage-v2.dir\debug\interface.obj
d:\projects\project64-ap\source\nragev20\nrage-v2.dir\debug\gbcart.obj
d:\projects\project64-ap\source\nragev20\nrage-v2.dir\debug\fileaccess.obj
d:\projects\project64-ap\source\nragev20\nrage-v2.dir\debug\directinput.obj
d:\projects\project64-ap\source\nragev20\nrage-v2.dir\debug\debug.obj
d:\projects\project64-ap\source\nragev20\cmakefiles\generate.stamp
d:\projects\project64-ap\source\nragev20\nrage-v2.dir\debug\nrage-v2.ilk
d:\projects\project64-ap\source\nragev20\debug\nrage-v2.dll
d:\projects\project64-ap\source\nragev20\debug\nrage-v2.pdb
d:\projects\project64-ap\source\nragev20\debug\nrage-v2.lib
d:\projects\project64-ap\source\nragev20\debug\nrage-v2.exp
d:\projects\project64-ap\source\nragev20\nrage-v2.dir\debug\nragepluginv2.res
d:\projects\project64-ap\source\nragev20\nrage-v2.dir\debug\nrage-v2.tlog\cl.command.1.tlog
d:\projects\project64-ap\source\nragev20\nrage-v2.dir\debug\nrage-v2.tlog\cl.items.tlog
d:\projects\project64-ap\source\nragev20\nrage-v2.dir\debug\nrage-v2.tlog\cl.read.1.tlog
d:\projects\project64-ap\source\nragev20\nrage-v2.dir\debug\nrage-v2.tlog\cl.write.1.tlog
d:\projects\project64-ap\source\nragev20\nrage-v2.dir\debug\nrage-v2.tlog\custombuild.command.1.tlog
d:\projects\project64-ap\source\nragev20\nrage-v2.dir\debug\nrage-v2.tlog\custombuild.read.1.tlog
d:\projects\project64-ap\source\nragev20\nrage-v2.dir\debug\nrage-v2.tlog\custombuild.write.1.tlog
d:\projects\project64-ap\source\nragev20\nrage-v2.dir\debug\nrage-v2.tlog\link.command.1.tlog
d:\projects\project64-ap\source\nragev20\nrage-v2.dir\debug\nrage-v2.tlog\link.read.1.tlog
d:\projects\project64-ap\source\nragev20\nrage-v2.dir\debug\nrage-v2.tlog\link.write.1.tlog
d:\projects\project64-ap\source\nragev20\nrage-v2.dir\debug\nrage-v2.tlog\link.write.2u.tlog
d:\projects\project64-ap\source\nragev20\nrage-v2.dir\debug\nrage-v2.tlog\rc.command.1.tlog
d:\projects\project64-ap\source\nragev20\nrage-v2.dir\debug\nrage-v2.tlog\rc.read.1.tlog
d:\projects\project64-ap\source\nragev20\nrage-v2.dir\debug\nrage-v2.tlog\rc.write.1.tlog
