d:\projects\project64-ap\source\project64-core\debug\project64-core.pdb
d:\projects\project64-ap\source\project64-core\project64-core.dir\debug\gbcart.obj
d:\projects\project64-ap\source\project64-core\project64-core.dir\debug\flashram.obj
d:\projects\project64-ap\source\project64-core\project64-core.dir\debug\framepersecond.obj
d:\projects\project64-ap\source\project64-core\project64-core.dir\debug\enhancements.obj
d:\projects\project64-ap\source\project64-core\project64-core.dir\debug\enhancementlist.obj
d:\projects\project64-ap\source\project64-core\project64-core.dir\debug\enhancementfile.obj
d:\projects\project64-ap\source\project64-core\project64-core.dir\debug\language.obj
d:\projects\project64-ap\source\project64-core\project64-core.dir\debug\logging.obj
d:\projects\project64-ap\source\project64-core\project64-core.dir\debug\appinit.obj
d:\projects\project64-ap\source\project64-core\project64-core.dir\debug\7zip.obj
d:\projects\project64-ap\source\project64-core\project64-core.dir\debug\armreginfo.obj
d:\projects\project64-ap\source\project64-core\project64-core.dir\debug\armrecompilerops.obj
d:\projects\project64-ap\source\project64-core\project64-core.dir\debug\armops.obj
d:\projects\project64-ap\source\project64-core\project64-core.dir\debug\profiling.obj
d:\projects\project64-ap\source\project64-core\project64-core.dir\debug\n64disk.obj
d:\projects\project64-ap\source\project64-core\project64-core.dir\debug\transferpak.obj
d:\projects\project64-ap\source\project64-core\project64-core.dir\debug\tlb.obj
d:\projects\project64-ap\source\project64-core\project64-core.dir\debug\sram.obj
d:\projects\project64-ap\source\project64-core\project64-core.dir\debug\rumblepak.obj
d:\projects\project64-ap\source\project64-core\project64-core.dir\debug\opcodename.obj
d:\projects\project64-ap\source\project64-core\project64-core.dir\debug\mempak.obj
d:\projects\project64-ap\source\project64-core\project64-core.dir\debug\pluginbase.obj
d:\projects\project64-ap\source\project64-core\project64-core.dir\debug\controllerplugin.obj
d:\projects\project64-ap\source\project64-core\project64-core.dir\debug\systemglobals.obj
d:\projects\project64-ap\source\project64-core\project64-core.dir\debug\speedlimiter.obj
d:\projects\project64-ap\source\project64-core\project64-core.dir\debug\x86ops.obj
d:\projects\project64-ap\source\project64-core\project64-core.dir\debug\x86reginfo.obj
d:\projects\project64-ap\source\project64-core\project64-core.dir\debug\x86recompilerops.obj
d:\projects\project64-ap\source\project64-core\project64-core.dir\debug\sectioninfo.obj
d:\projects\project64-ap\source\project64-core\project64-core.dir\debug\regbase.obj
d:\projects\project64-ap\source\project64-core\project64-core.dir\debug\recompilermemory.obj
d:\projects\project64-ap\source\project64-core\project64-core.dir\debug\recompilercodelog.obj
d:\projects\project64-ap\source\project64-core\project64-core.dir\debug\loopanalysis.obj
d:\projects\project64-ap\source\project64-core\project64-core.dir\debug\functioninfo.obj
d:\projects\project64-ap\source\project64-core\project64-core.dir\debug\settingstype-romdatabasesetting.obj
d:\projects\project64-ap\source\project64-core\project64-core.dir\debug\settingstype-romdatabaseindex.obj
d:\projects\project64-ap\source\project64-core\project64-core.dir\debug\settingstype-romdatabase.obj
d:\projects\project64-ap\source\project64-core\project64-core.dir\debug\settingstype-relativepath.obj
d:\projects\project64-ap\source\project64-core\project64-core.dir\debug\settingstype-rdbyesno.obj
d:\projects\project64-ap\source\project64-core\project64-core.dir\debug\settingstype-rdbsavechip.obj
d:\projects\project64-ap\source\project64-core\project64-core.dir\debug\settingstype-rdbramsize.obj
d:\projects\project64-ap\source\project64-core\cmakefiles\generate.stamp
d:\projects\project64-ap\source\project64-core\project64-core.dir\debug\project64-core.tlog\cl.command.1.tlog
d:\projects\project64-ap\source\project64-core\project64-core.dir\debug\project64-core.tlog\cl.read.1.tlog
d:\projects\project64-ap\source\project64-core\project64-core.dir\debug\project64-core.tlog\cl.write.1.tlog
d:\projects\project64-ap\source\project64-core\project64-core.dir\debug\project64-core.tlog\custombuild.command.1.tlog
d:\projects\project64-ap\source\project64-core\project64-core.dir\debug\project64-core.tlog\custombuild.read.1.tlog
d:\projects\project64-ap\source\project64-core\project64-core.dir\debug\project64-core.tlog\custombuild.write.1.tlog
