d:\projects\project64-ap\source\project64-input\project64-input.dir\debug\vc143.pdb
d:\projects\project64-ap\source\project64-input\project64-input.dir\debug\wtl-scanbutton.obj
d:\projects\project64-ap\source\project64-input\project64-input.dir\debug\wtl-bitmappicture.obj
d:\projects\project64-ap\source\project64-input\project64-input.dir\debug\optionsui.obj
d:\projects\project64-ap\source\project64-input\project64-input.dir\debug\inputsettings.obj
d:\projects\project64-ap\source\project64-input\project64-input.dir\debug\inputmain.obj
d:\projects\project64-ap\source\project64-input\project64-input.dir\debug\inputconfigui.obj
d:\projects\project64-ap\source\project64-input\project64-input.dir\debug\directinput.obj
d:\projects\project64-ap\source\project64-input\project64-input.dir\debug\devicenotification.obj
d:\projects\project64-ap\source\project64-input\project64-input.dir\debug\cproject64input.obj
d:\projects\project64-ap\source\project64-input\cmakefiles\generate.stamp
d:\projects\project64-ap\source\project64-input\project64-input.dir\debug\project64-input.ilk
d:\projects\project64-ap\source\project64-input\debug\project64-input.dll
d:\projects\project64-ap\source\project64-input\debug\project64-input.pdb
d:\projects\project64-ap\source\project64-input\debug\project64-input.lib
d:\projects\project64-ap\source\project64-input\debug\project64-input.exp
d:\projects\project64-ap\source\project64-input\project64-input.dir\debug\project64-input.res
d:\projects\project64-ap\source\project64-input\project64-input.dir\debug\project64-input.tlog\cl.command.1.tlog
d:\projects\project64-ap\source\project64-input\project64-input.dir\debug\project64-input.tlog\cl.items.tlog
d:\projects\project64-ap\source\project64-input\project64-input.dir\debug\project64-input.tlog\cl.read.1.tlog
d:\projects\project64-ap\source\project64-input\project64-input.dir\debug\project64-input.tlog\cl.write.1.tlog
d:\projects\project64-ap\source\project64-input\project64-input.dir\debug\project64-input.tlog\custombuild.command.1.tlog
d:\projects\project64-ap\source\project64-input\project64-input.dir\debug\project64-input.tlog\custombuild.read.1.tlog
d:\projects\project64-ap\source\project64-input\project64-input.dir\debug\project64-input.tlog\custombuild.write.1.tlog
d:\projects\project64-ap\source\project64-input\project64-input.dir\debug\project64-input.tlog\link.command.1.tlog
d:\projects\project64-ap\source\project64-input\project64-input.dir\debug\project64-input.tlog\link.read.1.tlog
d:\projects\project64-ap\source\project64-input\project64-input.dir\debug\project64-input.tlog\link.write.1.tlog
d:\projects\project64-ap\source\project64-input\project64-input.dir\debug\project64-input.tlog\link.write.2u.tlog
d:\projects\project64-ap\source\project64-input\project64-input.dir\debug\project64-input.tlog\rc.command.1.tlog
d:\projects\project64-ap\source\project64-input\project64-input.dir\debug\project64-input.tlog\rc.read.1.tlog
d:\projects\project64-ap\source\project64-input\project64-input.dir\debug\project64-input.tlog\rc.write.1.tlog
