d:\projects\project64-ap\source\common\debug\common.pdb
d:\projects\project64-ap\source\common\common.dir\debug\path.obj
d:\projects\project64-ap\source\common\common.dir\debug\md5.obj
d:\projects\project64-ap\source\common\common.dir\debug\util.obj
d:\projects\project64-ap\source\common\common.dir\debug\trace.obj
d:\projects\project64-ap\source\common\common.dir\debug\thread.obj
d:\projects\project64-ap\source\common\common.dir\debug\syncevent.obj
d:\projects\project64-ap\source\common\common.dir\debug\stdstring.obj
d:\projects\project64-ap\source\common\common.dir\debug\random.obj
d:\projects\project64-ap\source\common\common.dir\debug\platform.obj
d:\projects\project64-ap\source\common\common.dir\debug\memorymanagement.obj
d:\projects\project64-ap\source\common\common.dir\debug\memtest.obj
d:\projects\project64-ap\source\common\common.dir\debug\log.obj
d:\projects\project64-ap\source\common\common.dir\debug\inifile.obj
d:\projects\project64-ap\source\common\common.dir\debug\highrestimestamp.obj
d:\projects\project64-ap\source\common\common.dir\debug\file.obj
d:\projects\project64-ap\source\common\common.dir\debug\dynamiclibrary.obj
d:\projects\project64-ap\source\common\common.dir\debug\datetime.obj
d:\projects\project64-ap\source\common\common.dir\debug\criticalsection.obj
d:\projects\project64-ap\source\common\cmakefiles\generate.stamp
d:\projects\project64-ap\source\common\debug\common.lib
d:\projects\project64-ap\source\common\common.dir\debug\common.tlog\cl.command.1.tlog
d:\projects\project64-ap\source\common\common.dir\debug\common.tlog\cl.items.tlog
d:\projects\project64-ap\source\common\common.dir\debug\common.tlog\cl.read.1.tlog
d:\projects\project64-ap\source\common\common.dir\debug\common.tlog\cl.write.1.tlog
d:\projects\project64-ap\source\common\common.dir\debug\common.tlog\custombuild.command.1.tlog
d:\projects\project64-ap\source\common\common.dir\debug\common.tlog\custombuild.read.1.tlog
d:\projects\project64-ap\source\common\common.dir\debug\common.tlog\custombuild.write.1.tlog
d:\projects\project64-ap\source\common\common.dir\debug\common.tlog\lib-link.read.1.tlog
d:\projects\project64-ap\source\common\common.dir\debug\common.tlog\lib-link.write.1.tlog
d:\projects\project64-ap\source\common\common.dir\debug\common.tlog\lib.command.1.tlog
