d:\projects\project64-ap\cmakefiles\generate.stamp
d:\projects\project64-ap\vendor\cmakefiles\generate.stamp
d:\projects\project64-ap\vendor\zlib\cmakefiles\generate.stamp
d:\projects\project64-ap\vendor\minizip\cmakefiles\generate.stamp
d:\projects\project64-ap\vendor\lua\cmakefiles\generate.stamp
d:\projects\project64-ap\source\cmakefiles\generate.stamp
d:\projects\project64-ap\source\3rdparty\cmakefiles\generate.stamp
d:\projects\project64-ap\source\3rdparty\7zip\cmakefiles\generate.stamp
d:\projects\project64-ap\source\3rdparty\discord-rpc\cmakefiles\generate.stamp
d:\projects\project64-ap\source\common\cmakefiles\generate.stamp
d:\projects\project64-ap\source\settings\cmakefiles\generate.stamp
d:\projects\project64-ap\source\project64-core\cmakefiles\generate.stamp
d:\projects\project64-ap\source\project64\cmakefiles\generate.stamp
d:\projects\project64-ap\source\rsp\cmakefiles\generate.stamp
d:\projects\project64-ap\source\project64-input\cmakefiles\generate.stamp
d:\projects\project64-ap\source\project64-audio\cmakefiles\generate.stamp
d:\projects\project64-ap\source\nragev20\cmakefiles\generate.stamp
d:\projects\project64-ap\x64\debug\zero_check\zero_check.tlog\custombuild.command.1.tlog
d:\projects\project64-ap\x64\debug\zero_check\zero_check.tlog\custombuild.read.1.tlog
d:\projects\project64-ap\x64\debug\zero_check\zero_check.tlog\custombuild.write.1.tlog
